<?xml version="1.0" encoding="UTF-8"?>
<!-- Generated by org.testng.reporters.JUnitXMLReporter -->
<testsuite ignored="0" hostname="darling_basha" failures="0" tests="6" name="Car and Home Loan" time="0.02" errors="0" timestamp="2023-10-12T09:30:25 IST">
  <testcase classname="testNGFrameWork.Day3" name="APIcarloan" time="0.001"/>
  <testcase classname="testNGFrameWork.Day3" name="carLoanWebLogin" time="0.001"/>
  <testcase classname="testNGFrameWork.Day3" name="mobilecarLoanLogin" time="0.0"/>
  <testcase classname="testNGFrameWork.Day4" name="APIhomeloan" time="0.002"/>
  <testcase classname="testNGFrameWork.Day4" name="homeLoanWebLogin" time="0.001"/>
  <testcase classname="testNGFrameWork.Day4" name="mobilehomeLoanLogin" time="0.001"/>
</testsuite> <!-- Car and Home Loan -->
