<?xml version="1.0" encoding="UTF-8"?>
<!-- Generated by org.testng.reporters.JUnitXMLReporter -->
<testsuite ignored="0" hostname="darling_basha" failures="0" tests="3" name="Loan" time="0.079" errors="0" timestamp="2023-10-12T09:30:25 IST">
  <testcase classname="testNGFrameWork.Day2" name="goldLoan" time="0.009"/>
  <testcase classname="testNGFrameWork.Day1" name="carLoan" time="0.002"/>
  <testcase classname="testNGFrameWork.Day1" name="personalLoan" time="0.005"/>
</testsuite> <!-- Loan -->
