<?xml version="1.0" encoding="UTF-8"?>
<!-- Generated by org.testng.reporters.JUnitXMLReporter -->
<testsuite ignored="0" hostname="darling_basha" failures="0" tests="12" name="PLoan" time="0.111" errors="0" timestamp="2023-10-12T15:13:57 IST">
  <testcase classname="testNGFrameWork.Day1" name="carLoan" time="0.008"/>
  <testcase classname="testNGFrameWork.Day1" name="personalLoan" time="0.005"/>
  <testcase classname="testNGFrameWork.Day2" name="goldLoan" time="0.002"/>
  <testcase classname="testNGFrameWork.Day3" name="APIcarloan" time="0.002"/>
  <testcase classname="testNGFrameWork.Day3" name="carLoanWebLogin" time="0.001"/>
  <testcase classname="testNGFrameWork.Day3" name="mobileJEEPLoanLogin" time="0.001"/>
  <testcase classname="testNGFrameWork.Day3" name="mobileSUVLoanLogin" time="0.002"/>
  <testcase classname="testNGFrameWork.Day3" name="mobilebikeLoanLogin" time="0.001"/>
  <testcase classname="testNGFrameWork.Day3" name="mobilecarLoanLogin" time="0.001"/>
  <testcase classname="testNGFrameWork.Day4" name="APIhomeloan" time="0.001"/>
  <testcase classname="testNGFrameWork.Day4" name="homeLoanWebLogin" time="0.001"/>
  <testcase classname="testNGFrameWork.Day4" name="mobilehomeLoanLogin" time="0.001"/>
</testsuite> <!-- PLoan -->
