<?xml version="1.0" encoding="UTF-8"?>
<!-- Generated by org.testng.reporters.JUnitXMLReporter -->
<testsuite ignored="0" hostname="darling_basha" failures="0" tests="3" name="Loan" time="0.058" errors="0" timestamp="2023-10-12T08:10:28 IST">
  <testcase classname="testNGFrameWork.Day2" name="goldLoan" time="0.014"/>
  <testcase classname="testNGFrameWork.Day1" name="carLoan" time="0.001"/>
  <testcase classname="testNGFrameWork.Day1" name="personalLoan" time="0.002"/>
</testsuite> <!-- Loan -->
