<?xml version="1.0" encoding="UTF-8"?>
<!-- Generated by org.testng.reporters.JUnitXMLReporter -->
<testsuite ignored="4" hostname="darling_basha" failures="0" tests="3" name="Test" time="0.057" errors="0" timestamp="2025-03-25T19:59:33 IST">
  <testcase classname="testNGFrameWork.Day1" name="personalLoan" time="0.005"/>
  <testcase classname="testNGFrameWork.Day2" name="goldLoan" time="0.001"/>
  <testcase classname="testNGFrameWork.Day4" name="APIhomeloan" time="0.001"/>
  <testcase classname="testNGFrameWork.Day2" name="goldLoanemi" time="0.0">
    <ignored/>
  </testcase> <!-- goldLoanemi -->
  <testcase classname="testNGFrameWork.Day4" name="mobilehomeLoanLogin" time="0.0">
    <ignored/>
  </testcase> <!-- mobilehomeLoanLogin -->
  <testcase classname="testNGFrameWork.Day4" name="homeLoanWebLogin" time="0.0">
    <ignored/>
  </testcase> <!-- homeLoanWebLogin -->
  <testcase classname="testNGFrameWork.Day1" name="carLoan" time="0.0">
    <ignored/>
  </testcase> <!-- carLoan -->
</testsuite> <!-- Test -->
