<?xml version="1.0" encoding="UTF-8"?>
<!-- Generated by org.testng.reporters.JUnitXMLReporter -->
<testsuite ignored="1" hostname="darling_basha" failures="0" tests="7" name="Car and Home Loan" time="0.147" errors="0" timestamp="2025-03-27T21:05:06 IST">
  <testcase classname="testNGFrameWork.Day3" name="carLoanWebLogin" time="0.014"/>
  <testcase classname="testNGFrameWork.Day3" name="mobileJEEPLoanLogin" time="0.007"/>
  <testcase classname="testNGFrameWork.Day3" name="mobileJEEPLoanLogin" time="0.001"/>
  <testcase classname="testNGFrameWork.Day3" name="mobileJEEPLoanLogin" time="0.002"/>
  <testcase classname="testNGFrameWork.Day3" name="mobileSUVLoanLogin" time="0.006"/>
  <testcase classname="testNGFrameWork.Day3" name="mobilebikeLoanLogin" time="0.002"/>
  <testcase classname="testNGFrameWork.Day3" name="mobilecarLoanLogin" time="0.004"/>
  <testcase classname="testNGFrameWork.Day3" name="APIcarloan" time="0.0">
    <ignored/>
  </testcase> <!-- APIcarloan -->
</testsuite> <!-- Car and Home Loan -->
