<?xml version="1.0" encoding="UTF-8"?>
<!-- Generated by org.testng.reporters.JUnitXMLReporter -->
<testsuite ignored="2" hostname="darling_basha" failures="0" tests="2" name="PLoan" time="0.092" errors="0" timestamp="2025-03-27T21:05:06 IST">
  <testcase classname="testNGFrameWork.Day1" name="carLoan" time="0.014"/>
  <testcase classname="testNGFrameWork.Day1" name="personalLoan" time="0.001"/>
  <testcase classname="testNGFrameWork.Day2" name="goldLoanemi" time="0.0">
    <ignored/>
  </testcase> <!-- goldLoanemi -->
  <testcase classname="testNGFrameWork.Day2" name="goldLoan" time="0.0">
    <ignored/>
  </testcase> <!-- goldLoan -->
</testsuite> <!-- PLoan -->
