<?xml version="1.0" encoding="UTF-8"?>
<!-- Generated by org.testng.reporters.JUnitXMLReporter -->
<testsuite ignored="6" hostname="darling_basha" failures="0" tests="3" name="PLoan" time="0.062" errors="0" timestamp="2023-10-13T19:13:30 IST">
  <testcase classname="testNGFrameWork.Day2" name="goldLoan" time="0.007"/>
  <testcase classname="testNGFrameWork.Day1" name="carLoan" time="0.002"/>
  <testcase classname="testNGFrameWork.Day3" name="mobilebikeLoanLogin" time="0.001"/>
  <testcase classname="testNGFrameWork.Day1" name="personalLoan" time="0.0">
    <ignored/>
  </testcase> <!-- personalLoan -->
  <testcase classname="testNGFrameWork.Day3" name="mobileSUVLoanLogin" time="0.0">
    <ignored/>
  </testcase> <!-- mobileSUVLoanLogin -->
  <testcase classname="testNGFrameWork.Day3" name="mobileJEEPLoanLogin" time="0.0">
    <ignored/>
  </testcase> <!-- mobileJEEPLoanLogin -->
  <testcase classname="testNGFrameWork.Day3" name="APIcarloan" time="0.0">
    <ignored/>
  </testcase> <!-- APIcarloan -->
  <testcase classname="testNGFrameWork.Day3" name="carLoanWebLogin" time="0.0">
    <ignored/>
  </testcase> <!-- carLoanWebLogin -->
  <testcase classname="testNGFrameWork.Day3" name="mobilecarLoanLogin" time="0.0">
    <ignored/>
  </testcase> <!-- mobilecarLoanLogin -->
</testsuite> <!-- PLoan -->
